<?xml version="1.0" encoding="UTF-8"?>
<testsuite name="TestsSoftportal" tests="1" skipped="0" failures="0" errors="0" timestamp="2025-01-28T12:48:07" hostname="DESKTOP-R3NI2IO" time="11.411">
  <properties/>
  <testcase name="checkMainPageLoads()" classname="TestsSoftportal" time="11.411"/>
  <system-out><![CDATA[Remote URL: https://user1:1234@selenoid.autotests.cloud/wd/hub
Browser: chrome
Browser version: 126.0
Window size: 1920x1080
Remote URL: https://user1:1234@selenoid.autotests.cloud/wd/hub
]]></system-out>
  <system-err><![CDATA[[Test worker] INFO com.codeborne.selenide.impl.WebDriverThreadLocalContainer - No webdriver is bound to current thread: 1 - let's create a new webdriver
[Test worker] INFO com.codeborne.selenide.webdriver.WebDriverFactory - BrowserName=chrome Version=126.0.6478.126 Platform=linux
[Test worker] INFO com.codeborne.selenide.webdriver.WebDriverFactory - Selenide v. 6.19.1
[Test worker] INFO com.codeborne.selenide.webdriver.WebDriverFactory - Selenium WebDriver v. 4.13.0 build revision: ba948ece5b*
[Test worker] INFO com.codeborne.selenide.drivercommands.CreateDriverCommand - Created webdriver in thread 1: RemoteWebDriver -> RemoteWebDriver: chrome on linux (8777952bb1afbd47b187efa616ebe07b)
[Test worker] INFO com.codeborne.selenide.drivercommands.DisposablesRegistry - Register WebDriverInstance[config=StaticConfig,webDriver=RemoteWebDriver: chrome on linux (8777952bb1afbd47b187efa616ebe07b),proxy=null,downloadsFolder=null] in 1 [size=1]
[Test worker] INFO com.codeborne.selenide.drivercommands.DisposablesRegistry - Add shutdown hook in 1 [size=1]
]]></system-err>
</testsuite>
