<?xml version="1.0" encoding="UTF-8"?>
<testsuite name="TestsSoftportal" tests="1" skipped="0" failures="1" errors="0" timestamp="2025-01-28T13:34:29" hostname="DESKTOP-R3NI2IO" time="17.714">
  <properties/>
  <testcase name="checkPopularSize()" classname="TestsSoftportal" time="17.714">
    <failure message="List size mismatch: expected: = 20, actual: 0, collection: div.rightContainerLinks &gt; div&#13;&#10;Screenshot: file:/D:/qa_guru_hw14/build/reports/tests/1738071286082.0.png&#13;&#10;Page source: file:/D:/qa_guru_hw14/build/reports/tests/1738071286082.0.html&#13;&#10;Timeout: 10 s." type="com.codeborne.selenide.ex.ListSizeMismatch">List size mismatch: expected: = 20, actual: 0, collection: div.rightContainerLinks &gt; div
Screenshot: file:/D:/qa_guru_hw14/build/reports/tests/1738071286082.0.png
Page source: file:/D:/qa_guru_hw14/build/reports/tests/1738071286082.0.html
Timeout: 10 s.
	at app//com.codeborne.selenide.collections.CollectionSizeCondition.fail(CollectionSizeCondition.java:40)
	at app//com.codeborne.selenide.collections.ListSize.fail(ListSize.java:6)
	at app//com.codeborne.selenide.ElementsCollection.waitUntil(ElementsCollection.java:200)
	at app//com.codeborne.selenide.ElementsCollection.should(ElementsCollection.java:145)
	at app//com.codeborne.selenide.ElementsCollection.shouldHave(ElementsCollection.java:129)
	at app//TestsSoftportal.lambda$checkPopularSize$8(TestsSoftportal.java:106)
	at app//io.qameta.allure.Allure.lambda$step$1(Allure.java:127)
	at app//io.qameta.allure.Allure.step(Allure.java:181)
	at app//io.qameta.allure.Allure.step(Allure.java:125)
	at app//TestsSoftportal.checkPopularSize(TestsSoftportal.java:105)
	at java.base@23.0.1/java.lang.reflect.Method.invoke(Method.java:580)
	at java.base@23.0.1/java.util.ArrayList.forEach(ArrayList.java:1597)
	at java.base@23.0.1/java.util.ArrayList.forEach(ArrayList.java:1597)
</failure>
  </testcase>
  <system-out><![CDATA[Remote URL: https://user1:1234@selenoid.autotests.cloud/wd/hub
Browser: chrome
Browser version: 126.0
Window size: 1920x1080
]]></system-out>
  <system-err><![CDATA[[Test worker] INFO com.codeborne.selenide.impl.WebDriverThreadLocalContainer - No webdriver is bound to current thread: 1 - let's create a new webdriver
[Test worker] INFO com.codeborne.selenide.webdriver.WebDriverFactory - BrowserName=chrome Version=126.0.6478.126 Platform=linux
[Test worker] INFO com.codeborne.selenide.webdriver.WebDriverFactory - Selenide v. 6.19.1
[Test worker] INFO com.codeborne.selenide.webdriver.WebDriverFactory - Selenium WebDriver v. 4.13.0 build revision: ba948ece5b*
[Test worker] INFO com.codeborne.selenide.drivercommands.CreateDriverCommand - Created webdriver in thread 1: RemoteWebDriver -> RemoteWebDriver: chrome on linux (5e1abbcc45a45d5c5a147403519c057c)
[Test worker] INFO com.codeborne.selenide.drivercommands.DisposablesRegistry - Register WebDriverInstance[config=StaticConfig,webDriver=RemoteWebDriver: chrome on linux (5e1abbcc45a45d5c5a147403519c057c),proxy=null,downloadsFolder=null] in 1 [size=1]
[Test worker] INFO com.codeborne.selenide.drivercommands.DisposablesRegistry - Add shutdown hook in 1 [size=1]
]]></system-err>
</testsuite>
